[2022-08-01 14:30:08,349] {taskinstance.py:896} INFO - Dependencies all met for <TaskInstance: Relasi_karyawan.load_data 2022-08-01T14:29:48.759701+00:00 [queued]>
[2022-08-01 14:30:08,418] {taskinstance.py:896} INFO - Dependencies all met for <TaskInstance: Relasi_karyawan.load_data 2022-08-01T14:29:48.759701+00:00 [queued]>
[2022-08-01 14:30:08,421] {taskinstance.py:1087} INFO - 
--------------------------------------------------------------------------------
[2022-08-01 14:30:08,422] {taskinstance.py:1088} INFO - Starting attempt 1 of 1
[2022-08-01 14:30:08,424] {taskinstance.py:1089} INFO - 
--------------------------------------------------------------------------------
[2022-08-01 14:30:08,576] {taskinstance.py:1107} INFO - Executing <Task(PythonOperator): load_data> on 2022-08-01T14:29:48.759701+00:00
[2022-08-01 14:30:08,600] {standard_task_runner.py:52} INFO - Started process 1049 to run task
[2022-08-01 14:30:08,624] {standard_task_runner.py:76} INFO - Running: ['airflow', 'tasks', 'run', 'Relasi_karyawan', 'load_data', '2022-08-01T14:29:48.759701+00:00', '--job-id', '11', '--pool', 'default_pool', '--raw', '--subdir', 'DAGS_FOLDER/main.py', '--cfg-path', '/tmp/tmpmhy031ff', '--error-file', '/tmp/tmpaak5t7_8']
[2022-08-01 14:30:08,626] {standard_task_runner.py:77} INFO - Job 11: Subtask load_data
[2022-08-01 14:30:08,846] {logging_mixin.py:104} INFO - Running <TaskInstance: Relasi_karyawan.load_data 2022-08-01T14:29:48.759701+00:00 [running]> on host 02d6282e7057
[2022-08-01 14:30:09,159] {taskinstance.py:1300} INFO - Exporting the following env vars:
AIRFLOW_CTX_DAG_OWNER=airflow
AIRFLOW_CTX_DAG_ID=Relasi_karyawan
AIRFLOW_CTX_TASK_ID=load_data
AIRFLOW_CTX_EXECUTION_DATE=2022-08-01T14:29:48.759701+00:00
AIRFLOW_CTX_DAG_RUN_ID=manual__2022-08-01T14:29:48.759701+00:00
[2022-08-01 14:30:10,108] {python.py:151} INFO - Done. Returned value was: None
[2022-08-01 14:30:10,147] {taskinstance.py:1204} INFO - Marking task as SUCCESS. dag_id=Relasi_karyawan, task_id=load_data, execution_date=20220801T142948, start_date=20220801T143008, end_date=20220801T143010
[2022-08-01 14:30:10,268] {taskinstance.py:1265} INFO - 0 downstream tasks scheduled from follow-on schedule check
[2022-08-01 14:30:10,303] {local_task_job.py:151} INFO - Task exited with return code 0
