[2022-08-01 14:29:50,565] {taskinstance.py:896} INFO - Dependencies all met for <TaskInstance: Relasi_karyawan.transform_data 2022-07-31T14:29:36.914926+00:00 [queued]>
[2022-08-01 14:29:50,616] {taskinstance.py:896} INFO - Dependencies all met for <TaskInstance: Relasi_karyawan.transform_data 2022-07-31T14:29:36.914926+00:00 [queued]>
[2022-08-01 14:29:50,618] {taskinstance.py:1087} INFO - 
--------------------------------------------------------------------------------
[2022-08-01 14:29:50,619] {taskinstance.py:1088} INFO - Starting attempt 1 of 1
[2022-08-01 14:29:50,621] {taskinstance.py:1089} INFO - 
--------------------------------------------------------------------------------
[2022-08-01 14:29:50,683] {taskinstance.py:1107} INFO - Executing <Task(PythonOperator): transform_data> on 2022-07-31T14:29:36.914926+00:00
[2022-08-01 14:29:50,691] {standard_task_runner.py:52} INFO - Started process 1007 to run task
[2022-08-01 14:29:50,701] {standard_task_runner.py:76} INFO - Running: ['airflow', 'tasks', 'run', 'Relasi_karyawan', 'transform_data', '2022-07-31T14:29:36.914926+00:00', '--job-id', '8', '--pool', 'default_pool', '--raw', '--subdir', 'DAGS_FOLDER/main.py', '--cfg-path', '/tmp/tmp2aj38mcw', '--error-file', '/tmp/tmp9l7z6exg']
[2022-08-01 14:29:50,704] {standard_task_runner.py:77} INFO - Job 8: Subtask transform_data
[2022-08-01 14:29:50,826] {logging_mixin.py:104} INFO - Running <TaskInstance: Relasi_karyawan.transform_data 2022-07-31T14:29:36.914926+00:00 [running]> on host 02d6282e7057
[2022-08-01 14:29:51,003] {taskinstance.py:1300} INFO - Exporting the following env vars:
AIRFLOW_CTX_DAG_OWNER=airflow
AIRFLOW_CTX_DAG_ID=Relasi_karyawan
AIRFLOW_CTX_TASK_ID=transform_data
AIRFLOW_CTX_EXECUTION_DATE=2022-07-31T14:29:36.914926+00:00
AIRFLOW_CTX_DAG_RUN_ID=scheduled__2022-07-31T14:29:36.914926+00:00
[2022-08-01 14:29:51,096] {python.py:151} INFO - Done. Returned value was: None
[2022-08-01 14:29:51,111] {taskinstance.py:1204} INFO - Marking task as SUCCESS. dag_id=Relasi_karyawan, task_id=transform_data, execution_date=20220731T142936, start_date=20220801T142950, end_date=20220801T142951
[2022-08-01 14:29:51,193] {taskinstance.py:1265} INFO - 1 downstream tasks scheduled from follow-on schedule check
[2022-08-01 14:29:51,236] {local_task_job.py:151} INFO - Task exited with return code 0
