[2022-08-02 02:41:33,716] {taskinstance.py:896} INFO - Dependencies all met for <TaskInstance: Relasi_karyawan.transform_data 2022-08-02T02:41:29.820934+00:00 [queued]>
[2022-08-02 02:41:33,765] {taskinstance.py:896} INFO - Dependencies all met for <TaskInstance: Relasi_karyawan.transform_data 2022-08-02T02:41:29.820934+00:00 [queued]>
[2022-08-02 02:41:33,766] {taskinstance.py:1087} INFO - 
--------------------------------------------------------------------------------
[2022-08-02 02:41:33,766] {taskinstance.py:1088} INFO - Starting attempt 1 of 1
[2022-08-02 02:41:33,767] {taskinstance.py:1089} INFO - 
--------------------------------------------------------------------------------
[2022-08-02 02:41:33,851] {taskinstance.py:1107} INFO - Executing <Task(PythonOperator): transform_data> on 2022-08-02T02:41:29.820934+00:00
[2022-08-02 02:41:33,861] {standard_task_runner.py:52} INFO - Started process 70 to run task
[2022-08-02 02:41:33,870] {standard_task_runner.py:76} INFO - Running: ['airflow', 'tasks', 'run', 'Relasi_karyawan', 'transform_data', '2022-08-02T02:41:29.820934+00:00', '--job-id', '13', '--pool', 'default_pool', '--raw', '--subdir', 'DAGS_FOLDER/main.py', '--cfg-path', '/tmp/tmpfsm2a3id', '--error-file', '/tmp/tmpgmqrjg8c']
[2022-08-02 02:41:33,872] {standard_task_runner.py:77} INFO - Job 13: Subtask transform_data
[2022-08-02 02:41:34,026] {logging_mixin.py:104} INFO - Running <TaskInstance: Relasi_karyawan.transform_data 2022-08-02T02:41:29.820934+00:00 [running]> on host 02d6282e7057
[2022-08-02 02:41:34,197] {taskinstance.py:1300} INFO - Exporting the following env vars:
AIRFLOW_CTX_DAG_OWNER=airflow
AIRFLOW_CTX_DAG_ID=Relasi_karyawan
AIRFLOW_CTX_TASK_ID=transform_data
AIRFLOW_CTX_EXECUTION_DATE=2022-08-02T02:41:29.820934+00:00
AIRFLOW_CTX_DAG_RUN_ID=manual__2022-08-02T02:41:29.820934+00:00
[2022-08-02 02:41:34,313] {python.py:151} INFO - Done. Returned value was: None
[2022-08-02 02:41:34,326] {taskinstance.py:1204} INFO - Marking task as SUCCESS. dag_id=Relasi_karyawan, task_id=transform_data, execution_date=20220802T024129, start_date=20220802T024133, end_date=20220802T024134
[2022-08-02 02:41:34,428] {taskinstance.py:1265} INFO - 1 downstream tasks scheduled from follow-on schedule check
[2022-08-02 02:41:34,444] {local_task_job.py:151} INFO - Task exited with return code 0
