[2022-08-01 14:29:56,195] {taskinstance.py:896} INFO - Dependencies all met for <TaskInstance: Relasi_karyawan.transform_data 2022-08-01T14:29:48.759701+00:00 [queued]>
[2022-08-01 14:29:56,225] {taskinstance.py:896} INFO - Dependencies all met for <TaskInstance: Relasi_karyawan.transform_data 2022-08-01T14:29:48.759701+00:00 [queued]>
[2022-08-01 14:29:56,226] {taskinstance.py:1087} INFO - 
--------------------------------------------------------------------------------
[2022-08-01 14:29:56,226] {taskinstance.py:1088} INFO - Starting attempt 1 of 1
[2022-08-01 14:29:56,227] {taskinstance.py:1089} INFO - 
--------------------------------------------------------------------------------
[2022-08-01 14:29:56,262] {taskinstance.py:1107} INFO - Executing <Task(PythonOperator): transform_data> on 2022-08-01T14:29:48.759701+00:00
[2022-08-01 14:29:56,268] {standard_task_runner.py:52} INFO - Started process 1021 to run task
[2022-08-01 14:29:56,274] {standard_task_runner.py:76} INFO - Running: ['airflow', 'tasks', 'run', 'Relasi_karyawan', 'transform_data', '2022-08-01T14:29:48.759701+00:00', '--job-id', '9', '--pool', 'default_pool', '--raw', '--subdir', 'DAGS_FOLDER/main.py', '--cfg-path', '/tmp/tmpnkfql8nh', '--error-file', '/tmp/tmp84y2q6iz']
[2022-08-01 14:29:56,276] {standard_task_runner.py:77} INFO - Job 9: Subtask transform_data
[2022-08-01 14:29:56,365] {logging_mixin.py:104} INFO - Running <TaskInstance: Relasi_karyawan.transform_data 2022-08-01T14:29:48.759701+00:00 [running]> on host 02d6282e7057
[2022-08-01 14:29:56,490] {taskinstance.py:1300} INFO - Exporting the following env vars:
AIRFLOW_CTX_DAG_OWNER=airflow
AIRFLOW_CTX_DAG_ID=Relasi_karyawan
AIRFLOW_CTX_TASK_ID=transform_data
AIRFLOW_CTX_EXECUTION_DATE=2022-08-01T14:29:48.759701+00:00
AIRFLOW_CTX_DAG_RUN_ID=manual__2022-08-01T14:29:48.759701+00:00
[2022-08-01 14:29:56,575] {python.py:151} INFO - Done. Returned value was: None
[2022-08-01 14:29:56,592] {taskinstance.py:1204} INFO - Marking task as SUCCESS. dag_id=Relasi_karyawan, task_id=transform_data, execution_date=20220801T142948, start_date=20220801T142956, end_date=20220801T142956
[2022-08-01 14:29:56,723] {taskinstance.py:1265} INFO - 1 downstream tasks scheduled from follow-on schedule check
[2022-08-01 14:29:56,768] {local_task_job.py:151} INFO - Task exited with return code 0
